<?xml version="1.0" encoding="UTF-8"?>
<testsuite xmlns:xsi="http://www.w3.org/2001/XMLSchema-instance" xsi:noNamespaceSchemaLocation="https://maven.apache.org/surefire/maven-surefire-plugin/xsd/surefire-test-report.xsd" name="com.urvin.paint.receiver.PaintScreenTest" time="0.008" tests="11" errors="0" skipped="0" failures="0">
  <properties>
[...]
</properties>
  <testcase name="drawLineSuccess" classname="com.urvin.paint.receiver.PaintScreenTest" time="0"/>
  <testcase name="drawCanvasSuccess" classname="com.urvin.paint.receiver.PaintScreenTest" time="0"/>
  <testcase name="fillColor" classname="com.urvin.paint.receiver.PaintScreenTest" time="0"/>
  <testcase name="addLineSuccess" classname="com.urvin.paint.receiver.PaintScreenTest" time="0"/>
  <testcase name="fillColorOnRectangleTestSuccess" classname="com.urvin.paint.receiver.PaintScreenTest" time="0"/>
  <testcase name="drawScreen" classname="com.urvin.paint.receiver.PaintScreenTest" time="0"/>
  <testcase name="addRectangleSuccess" classname="com.urvin.paint.receiver.PaintScreenTest" time="0"/>
  <testcase name="fillColorOnLineTestSuccess" classname="com.urvin.paint.receiver.PaintScreenTest" time="0"/>
  <testcase name="drawRectangleInvalidParams" classname="com.urvin.paint.receiver.PaintScreenTest" time="0"/>
  <testcase name="drawRectangle" classname="com.urvin.paint.receiver.PaintScreenTest" time="0"/>
  <testcase name="drawLineInvalidParams" classname="com.urvin.paint.receiver.PaintScreenTest" time="0"/>
</testsuite>